[2025-08-26T19:28:03.269+0000] {manager.py:469} INFO - Processing files using up to 2 processes at a time 
[2025-08-26T19:28:03.269+0000] {manager.py:470} INFO - Process each file at most once every 30 seconds
[2025-08-26T19:28:03.269+0000] {manager.py:471} INFO - Checking for new files in /opt/airflow/dags every 300 seconds
[2025-08-26T19:28:03.269+0000] {manager.py:738} INFO - Searching for files in /opt/airflow/dags
[2025-08-26T19:28:03.271+0000] {manager.py:741} INFO - There are 1 files in /opt/airflow/dags
[2025-08-26T19:28:03.298+0000] {manager.py:879} INFO - 
================================================================================
DAG File Processing Stats

File Path                   PID  Runtime      # DAGs    # Errors  Last Runtime    Last Run
------------------------  -----  ---------  --------  ----------  --------------  ----------
/opt/airflow/dags/dag.py    170  0.01s             0           0
================================================================================
[2025-08-26T19:28:33.477+0000] {manager.py:879} INFO - 
================================================================================
DAG File Processing Stats

File Path                   PID  Runtime      # DAGs    # Errors  Last Runtime    Last Run
------------------------  -----  ---------  --------  ----------  --------------  -------------------
/opt/airflow/dags/dag.py    199  0.01s             0           1  0.03s           2025-08-26T19:28:03
================================================================================
[2025-08-26T19:28:56.004+0000] {manager.py:451} INFO - Exiting gracefully upon receiving signal 15
[2025-08-26T19:29:11.624+0000] {manager.py:469} INFO - Processing files using up to 2 processes at a time 
[2025-08-26T19:29:11.624+0000] {manager.py:470} INFO - Process each file at most once every 30 seconds
[2025-08-26T19:29:11.624+0000] {manager.py:471} INFO - Checking for new files in /opt/airflow/dags every 300 seconds
[2025-08-26T19:29:11.625+0000] {manager.py:738} INFO - Searching for files in /opt/airflow/dags
[2025-08-26T19:29:11.626+0000] {manager.py:741} INFO - There are 1 files in /opt/airflow/dags
[2025-08-26T19:29:11.653+0000] {manager.py:879} INFO - 
================================================================================
DAG File Processing Stats

File Path                   PID  Runtime      # DAGs    # Errors  Last Runtime    Last Run
------------------------  -----  ---------  --------  ----------  --------------  ----------
/opt/airflow/dags/dag.py     23  0.02s             0           0
================================================================================
[2025-08-26T19:29:41.944+0000] {manager.py:879} INFO - 
================================================================================
DAG File Processing Stats

File Path                   PID  Runtime      # DAGs    # Errors  Last Runtime    Last Run
------------------------  -----  ---------  --------  ----------  --------------  -------------------
/opt/airflow/dags/dag.py     70  0.00s             0           1  0.02s           2025-08-26T19:29:11
================================================================================
[2025-08-26T19:30:12.314+0000] {manager.py:879} INFO - 
================================================================================
DAG File Processing Stats

File Path                 PID    Runtime      # DAGs    # Errors  Last Runtime    Last Run
------------------------  -----  ---------  --------  ----------  --------------  -------------------
/opt/airflow/dags/dag.py                           0           1  0.04s           2025-08-26T19:30:00
================================================================================
[2025-08-26T19:30:42.665+0000] {manager.py:879} INFO - 
================================================================================
DAG File Processing Stats

File Path                 PID    Runtime      # DAGs    # Errors  Last Runtime    Last Run
------------------------  -----  ---------  --------  ----------  --------------  -------------------
/opt/airflow/dags/dag.py                           0           1  0.03s           2025-08-26T19:30:17
================================================================================
[2025-08-26T19:31:13.007+0000] {manager.py:879} INFO - 
================================================================================
DAG File Processing Stats

File Path                 PID    Runtime      # DAGs    # Errors  Last Runtime    Last Run
------------------------  -----  ---------  --------  ----------  --------------  -------------------
/opt/airflow/dags/dag.py                           0           1  0.02s           2025-08-26T19:30:47
================================================================================
[2025-08-26T19:31:43.289+0000] {manager.py:879} INFO - 
================================================================================
DAG File Processing Stats

File Path                 PID    Runtime      # DAGs    # Errors  Last Runtime    Last Run
------------------------  -----  ---------  --------  ----------  --------------  -------------------
/opt/airflow/dags/dag.py                           0           1  0.03s           2025-08-26T19:31:18
================================================================================
[2025-08-26T19:32:13.638+0000] {manager.py:879} INFO - 
================================================================================
DAG File Processing Stats

File Path                 PID    Runtime      # DAGs    # Errors  Last Runtime    Last Run
------------------------  -----  ---------  --------  ----------  --------------  -------------------
/opt/airflow/dags/dag.py                           0           1  0.05s           2025-08-26T19:31:48
================================================================================
[2025-08-26T19:32:43.933+0000] {manager.py:879} INFO - 
================================================================================
DAG File Processing Stats

File Path                 PID    Runtime      # DAGs    # Errors  Last Runtime    Last Run
------------------------  -----  ---------  --------  ----------  --------------  -------------------
/opt/airflow/dags/dag.py                           0           1  0.02s           2025-08-26T19:32:18
================================================================================
[2025-08-26T19:33:14.277+0000] {manager.py:879} INFO - 
================================================================================
DAG File Processing Stats

File Path                 PID    Runtime      # DAGs    # Errors  Last Runtime    Last Run
------------------------  -----  ---------  --------  ----------  --------------  -------------------
/opt/airflow/dags/dag.py                           0           1  0.05s           2025-08-26T19:32:49
================================================================================
[2025-08-26T19:33:44.578+0000] {manager.py:879} INFO - 
================================================================================
DAG File Processing Stats

File Path                 PID    Runtime      # DAGs    # Errors  Last Runtime    Last Run
------------------------  -----  ---------  --------  ----------  --------------  -------------------
/opt/airflow/dags/dag.py                           0           1  0.03s           2025-08-26T19:33:19
================================================================================
[2025-08-26T19:34:11.875+0000] {manager.py:738} INFO - Searching for files in /opt/airflow/dags
[2025-08-26T19:34:11.884+0000] {manager.py:741} INFO - There are 1 files in /opt/airflow/dags
[2025-08-26T19:34:14.923+0000] {manager.py:879} INFO - 
================================================================================
DAG File Processing Stats

File Path                 PID    Runtime      # DAGs    # Errors  Last Runtime    Last Run
------------------------  -----  ---------  --------  ----------  --------------  -------------------
/opt/airflow/dags/dag.py                           0           1  0.04s           2025-08-26T19:33:49
================================================================================
[2025-08-26T19:34:45.228+0000] {manager.py:879} INFO - 
================================================================================
DAG File Processing Stats

File Path                 PID    Runtime      # DAGs    # Errors  Last Runtime    Last Run
------------------------  -----  ---------  --------  ----------  --------------  -------------------
/opt/airflow/dags/dag.py                           0           1  0.04s           2025-08-26T19:34:20
================================================================================
[2025-08-26T19:35:15.576+0000] {manager.py:879} INFO - 
================================================================================
DAG File Processing Stats

File Path                 PID    Runtime      # DAGs    # Errors  Last Runtime    Last Run
------------------------  -----  ---------  --------  ----------  --------------  -------------------
/opt/airflow/dags/dag.py                           0           1  0.04s           2025-08-26T19:34:50
================================================================================
[2025-08-26T19:35:45.926+0000] {manager.py:879} INFO - 
================================================================================
DAG File Processing Stats

File Path                 PID    Runtime      # DAGs    # Errors  Last Runtime    Last Run
------------------------  -----  ---------  --------  ----------  --------------  -------------------
/opt/airflow/dags/dag.py                           0           1  0.04s           2025-08-26T19:35:20
================================================================================
[2025-08-26T19:36:16.197+0000] {manager.py:879} INFO - 
================================================================================
DAG File Processing Stats

File Path                 PID    Runtime      # DAGs    # Errors  Last Runtime    Last Run
------------------------  -----  ---------  --------  ----------  --------------  -------------------
/opt/airflow/dags/dag.py                           0           1  0.04s           2025-08-26T19:35:51
================================================================================
[2025-08-26T19:36:46.520+0000] {manager.py:879} INFO - 
================================================================================
DAG File Processing Stats

File Path                 PID    Runtime      # DAGs    # Errors  Last Runtime    Last Run
------------------------  -----  ---------  --------  ----------  --------------  -------------------
/opt/airflow/dags/dag.py                           0           1  0.03s           2025-08-26T19:36:21
================================================================================
[2025-08-26T19:37:16.875+0000] {manager.py:879} INFO - 
================================================================================
DAG File Processing Stats

File Path                 PID    Runtime      # DAGs    # Errors  Last Runtime    Last Run
------------------------  -----  ---------  --------  ----------  --------------  -------------------
/opt/airflow/dags/dag.py                           0           1  0.03s           2025-08-26T19:36:51
================================================================================
[2025-08-26T19:37:47.196+0000] {manager.py:879} INFO - 
================================================================================
DAG File Processing Stats

File Path                 PID    Runtime      # DAGs    # Errors  Last Runtime    Last Run
------------------------  -----  ---------  --------  ----------  --------------  -------------------
/opt/airflow/dags/dag.py                           0           1  0.02s           2025-08-26T19:37:46
================================================================================
[2025-08-26T19:38:17.517+0000] {manager.py:879} INFO - 
================================================================================
DAG File Processing Stats

File Path                 PID    Runtime      # DAGs    # Errors  Last Runtime    Last Run
------------------------  -----  ---------  --------  ----------  --------------  -------------------
/opt/airflow/dags/dag.py                           0           1  0.05s           2025-08-26T19:38:16
================================================================================
[2025-08-26T19:38:47.748+0000] {manager.py:879} INFO - 
================================================================================
DAG File Processing Stats

File Path                 PID    Runtime      # DAGs    # Errors  Last Runtime    Last Run
------------------------  -----  ---------  --------  ----------  --------------  -------------------
/opt/airflow/dags/dag.py                           0           1  0.03s           2025-08-26T19:38:46
================================================================================
[2025-08-26T19:39:12.012+0000] {manager.py:738} INFO - Searching for files in /opt/airflow/dags
[2025-08-26T19:39:12.015+0000] {manager.py:741} INFO - There are 1 files in /opt/airflow/dags
[2025-08-26T19:39:18.106+0000] {manager.py:879} INFO - 
================================================================================
DAG File Processing Stats

File Path                 PID    Runtime      # DAGs    # Errors  Last Runtime    Last Run
------------------------  -----  ---------  --------  ----------  --------------  -------------------
/opt/airflow/dags/dag.py                           0           1  0.04s           2025-08-26T19:39:17
================================================================================
[2025-08-26T19:39:48.476+0000] {manager.py:879} INFO - 
================================================================================
DAG File Processing Stats

File Path                 PID    Runtime      # DAGs    # Errors  Last Runtime    Last Run
------------------------  -----  ---------  --------  ----------  --------------  -------------------
/opt/airflow/dags/dag.py                           0           1  0.03s           2025-08-26T19:39:47
================================================================================
