[0m15:39:47.407267 [debug] [MainThread]: Sending event: {'category': 'dbt', 'action': 'invocation', 'label': 'start', 'context': [<snowplow_tracker.self_describing_json.SelfDescribingJson object at 0x110cba330>, <snowplow_tracker.self_describing_json.SelfDescribingJson object at 0x111929c40>, <snowplow_tracker.self_describing_json.SelfDescribingJson object at 0x1119298b0>]}


============================== 15:39:47.424294 | 5b0e13a6-cdac-4f9e-9ce2-b748b8e6b4f5 ==============================
[0m15:39:47.424294 [info ] [MainThread]: Running with dbt=1.10.9
[0m15:39:47.424557 [debug] [MainThread]: running dbt with arguments {'indirect_selection': 'eager', 'invocation_command': 'dbt init', 'write_json': 'True', 'printer_width': '80', 'use_experimental_parser': 'False', 'profiles_dir': '/Users/gabrielevangelista/.dbt', 'fail_fast': 'False', 'log_format': 'default', 'warn_error': 'None', 'cache_selected_only': 'False', 'log_path': 'logs', 'log_cache_events': 'False', 'static_parser': 'True', 'no_print': 'None', 'introspect': 'True', 'use_colors': 'True', 'empty': 'None', 'quiet': 'False', 'partial_parse': 'True', 'version_check': 'True', 'send_anonymous_usage_stats': 'True', 'warn_error_options': 'WarnErrorOptionsV2(error=[], warn=[], silence=[])', 'debug': 'False', 'target_path': 'None'}
[0m15:40:08.257462 [debug] [MainThread]: Starter project path: /Users/gabrielevangelista/Library/Caches/pypoetry/virtualenvs/local-setup-eQiD7AuT-py3.11/lib/python3.12/site-packages/dbt/include/starter_project
[0m15:40:08.269088 [info ] [MainThread]: 
Your new dbt project "jornada_dw" was created!

For more information on how to configure the profiles.yml file,
please consult the dbt documentation here:

  https://docs.getdbt.com/docs/configure-your-profile

One more thing:

Need help? Don't hesitate to reach out to us via GitHub issues or on Slack:

  https://community.getdbt.com/

Happy modeling!

[0m15:40:08.269825 [info ] [MainThread]: Setting up your profile.
[0m15:42:21.928039 [info ] [MainThread]: Profile jornada_dw written to /Users/gabrielevangelista/.dbt/profiles.yml using target's profile_template.yml and your supplied values. Run 'dbt debug' to validate the connection.
[0m15:42:21.933169 [debug] [MainThread]: Resource report: {"command_name": "init", "command_success": true, "command_wall_clock_time": 154.56503, "process_in_blocks": "0", "process_kernel_time": 0.283183, "process_mem_max_rss": "140443648", "process_out_blocks": "0", "process_user_time": 1.381897}
[0m15:42:21.934300 [debug] [MainThread]: Command `dbt init` succeeded at 15:42:21.934128 after 154.57 seconds
[0m15:42:21.935094 [debug] [MainThread]: Sending event: {'category': 'dbt', 'action': 'invocation', 'label': 'end', 'context': [<snowplow_tracker.self_describing_json.SelfDescribingJson object at 0x111636750>, <snowplow_tracker.self_describing_json.SelfDescribingJson object at 0x110cba330>, <snowplow_tracker.self_describing_json.SelfDescribingJson object at 0x110fd2e10>]}
[0m15:42:21.935734 [debug] [MainThread]: Flushing usage events
[0m15:42:22.617927 [debug] [MainThread]: An error was encountered while trying to flush usage events
